<?xml version="1.0" encoding="UTF-8"?>
<testng-results ignored="0" total="1" passed="1" failed="0" skipped="0">
  <reporter-output>
  </reporter-output>
  <suite started-at="2022-12-05T16:33:26 IST" name="Locobuzz 3.0" finished-at="2022-12-05T16:36:24 IST" duration-ms="178624">
    <groups>
    </groups>
    <test started-at="2022-12-05T16:33:26 IST" name="Excel Report Mention Ticket Workflow Report V2 Template Functionality" finished-at="2022-12-05T16:36:24 IST" duration-ms="178624">
      <class name="com.test.java.classes.ExcelReportMentionTicketWorkflowReportV2Functionality">
        <test-method is-config="true" signature="loadingURL(org.testng.ITestContext)[pri:0, instance:com.test.java.classes.ExcelReportMentionTicketWorkflowReportV2Functionality@21282ed8]" started-at="2022-12-05T16:33:26 IST" name="loadingURL" finished-at="2022-12-05T16:33:31 IST" duration-ms="5879" status="PASS">
          <params>
            <param index="0">
              <value>
                <![CDATA[org.testng.TestRunner@4de79b7d]]>
              </value>
            </param>
          </params>
          <reporter-output>
          </reporter-output>
        </test-method> <!-- loadingURL -->
        <test-method signature="ExcelReport(java.lang.String)[pri:0, instance:com.test.java.classes.ExcelReportMentionTicketWorkflowReportV2Functionality@21282ed8]" started-at="2022-12-05T16:33:32 IST" name="ExcelReport" finished-at="2022-12-05T16:36:24 IST" duration-ms="172326" status="PASS">
          <params>
            <param index="0">
              <value>
                <![CDATA[Supervisor]]>
              </value>
            </param>
          </params>
          <reporter-output>
          </reporter-output>
        </test-method> <!-- ExcelReport -->
        <test-method is-config="true" signature="tearDown()[pri:0, instance:com.test.java.classes.ExcelReportMentionTicketWorkflowReportV2Functionality@21282ed8]" started-at="2022-12-05T16:36:24 IST" name="tearDown" finished-at="2022-12-05T16:36:24 IST" duration-ms="379" status="PASS">
          <reporter-output>
          </reporter-output>
        </test-method> <!-- tearDown -->
      </class> <!-- com.test.java.classes.ExcelReportMentionTicketWorkflowReportV2Functionality -->
    </test> <!-- Excel Report Mention Ticket Workflow Report V2 Template Functionality -->
  </suite> <!-- Locobuzz 3.0 -->
</testng-results>
