<?xml version="1.0" encoding="UTF-8"?>
<!-- Generated by org.testng.reporters.JUnitXMLReporter -->
<testsuite ignored="0" hostname="DESKTOP-V20L4KL" failures="0" tests="1" name="Locobuzz Data Consumption Alert UI Components" time="47.52" errors="0" timestamp="2022-08-18T09:58:42 IST">
  <testcase classname="com.test.java.classes.LocobuzzDataConsumptionAlertUIComponentsFunctionality" name="DataConsumptionAlert" time="36.519"/>
</testsuite> <!-- Locobuzz Data Consumption Alert UI Components -->
