<?xml version="1.0" encoding="UTF-8"?>
<!-- Generated by org.testng.reporters.JUnitXMLReporter -->
<testsuite ignored="0" hostname="DESKTOP-V20L4KL" failures="0" tests="1" name="Locobuzz Priority Configuration UI Components" time="66.648" errors="0" timestamp="2022-07-13T16:20:04 IST">
  <testcase classname="com.test.java.classes.LocobuzzPriorityConfigurationUIComponentsFunctionality" name="PriorityConfiguration" time="54.228"/>
</testsuite> <!-- Locobuzz Priority Configuration UI Components -->
