<?xml version="1.0" encoding="UTF-8"?>
<!-- Generated by org.testng.reporters.JUnitXMLReporter -->
<testsuite ignored="0" hostname="DESKTOP-V20L4KL" failures="0" tests="1" name="Locobuzz Social Scheduling  GMB Approval Workflow " time="558.793" errors="0" timestamp="2022-11-11T11:36:50 IST">
  <testcase classname="com.test.java.classes.LocobuzzSocialSchedulingGMBApprovalWorkflowFunctionality" name="SocialScheduling" time="541.454"/>
</testsuite> <!-- Locobuzz Social Scheduling  GMB Approval Workflow  -->
