<?xml version="1.0" encoding="UTF-8"?>
<!-- Generated by org.testng.reporters.JUnitXMLReporter -->
<testsuite ignored="0" hostname="DESKTOP-V20L4KL" failures="0" tests="1" name="Locobuzz Data Consumption Alert Workflow Functionality" time="111.159" errors="0" timestamp="2022-08-18T10:54:43 IST">
  <testcase classname="com.test.java.classes.LocobuzzDataConsumptionAlertWorkflowFunctionality" name="DataConsumptionAlert" time="99.75"/>
</testsuite> <!-- Locobuzz Data Consumption Alert Workflow Functionality -->
