<?xml version="1.0" encoding="UTF-8"?>
<!-- Generated by org.testng.reporters.JUnitXMLReporter -->
<testsuite ignored="0" hostname="DESKTOP-V20L4KL" failures="0" tests="1" name="Locobuzz Token Expiry Alert Workflow Functionality" time="144.494" errors="0" timestamp="2022-08-05T13:10:29 IST">
  <testcase classname="com.test.java.classes.LocobuzzTokenExpiryAlertWorkflowFunctionality" name="TokenExpiryAlert" time="127.17"/>
</testsuite> <!-- Locobuzz Token Expiry Alert Workflow Functionality -->
