<?xml version="1.0" encoding="UTF-8"?>
<!-- Generated by org.testng.reporters.JUnitXMLReporter -->
<testsuite ignored="0" hostname="DESKTOP-V20L4KL" failures="0" tests="1" name="Locobuzz Maker Checker UI Components  Functionality" time="106.216" errors="0" timestamp="2022-09-01T16:49:05 IST">
  <testcase classname="com.test.java.classes.LocobuzzMakerCheckerUIComponentsFunctionality" name="MakerChecker" time="96.873"/>
</testsuite> <!-- Locobuzz Maker Checker UI Components  Functionality -->
