<?xml version="1.0" encoding="UTF-8"?>
<!-- Generated by org.testng.reporters.JUnitXMLReporter -->
<testsuite ignored="0" hostname="DESKTOP-V20L4KL" failures="0" tests="1" name="Locobuzz Social Scheduling  Facebook Approval Workflow " time="268.27" errors="0" timestamp="2022-11-09T16:30:20 IST">
  <testcase classname="com.test.java.classes.LocobuzzSocialSchedulingFacebookApprovalWorkflowFunctionality" name="SocialScheduling" time="253.219"/>
</testsuite> <!-- Locobuzz Social Scheduling  Facebook Approval Workflow  -->
