<?xml version="1.0" encoding="UTF-8"?>
<!-- Generated by org.testng.reporters.JUnitXMLReporter -->
<testsuite ignored="0" hostname="DESKTOP-V20L4KL" failures="0" tests="1" name="Locobuzz Messaging Window Settings Layout2 Workflow" time="98.161" errors="0" timestamp="2022-07-13T11:17:16 IST">
  <testcase classname="com.test.java.classes.LocobuzzMessagingWindowSettingsLayout2WorkflowFunctionality" name="MessagingWindowSettingsLayout2Flow" time="90.358"/>
</testsuite> <!-- Locobuzz Messaging Window Settings Layout2 Workflow -->
