<?xml version="1.0" encoding="UTF-8"?>
<!-- Generated by org.testng.reporters.JUnitXMLReporter -->
<testsuite ignored="0" hostname="DESKTOP-V20L4KL" failures="0" tests="1" name="Locobuzz Messaging Window Settings UI Components" time="396.302" errors="0" timestamp="2022-07-13T11:34:15 IST">
  <testcase classname="com.test.java.classes.LocobuzzMessagingWindowSettingsUIComponentsFunctionality" name="MessagingWindowSettings" time="384.251"/>
</testsuite> <!-- Locobuzz Messaging Window Settings UI Components -->
