<?xml version="1.0" encoding="UTF-8"?>
<!-- Generated by org.testng.reporters.JUnitXMLReporter -->
<testsuite ignored="0" hostname="DESKTOP-V20L4KL" failures="0" tests="1" name="Locobuzz Publish Personalization Workflow Functionality" time="138.848" errors="0" timestamp="2022-09-27T15:28:26 IST">
  <testcase classname="com.test.java.classes.LocobuzzPublishPersonalizationWorkflowFunctionality" name="PublishPersonalization" time="121.888"/>
</testsuite> <!-- Locobuzz Publish Personalization Workflow Functionality -->
