<?xml version="1.0" encoding="UTF-8"?>
<!-- Generated by org.testng.reporters.JUnitXMLReporter -->
<testsuite ignored="0" hostname="DESKTOP-V20L4KL" failures="0" tests="1" name="Locobuzz Social Scheduling  Instagram Reject Workflow " time="261.451" errors="0" timestamp="2022-11-10T13:02:21 IST">
  <testcase classname="com.test.java.classes.LocobuzzSocialSchedulingInstagramRejectWorkflowFunctionality" name="SocialScheduling" time="247.574"/>
</testsuite> <!-- Locobuzz Social Scheduling  Instagram Reject Workflow  -->
