<?xml version="1.0" encoding="UTF-8"?>
<!-- Generated by org.testng.reporters.JUnitXMLReporter -->
<testsuite ignored="0" hostname="DESKTOP-V20L4KL" failures="0" tests="1" name="Locobuzz Social Scheduling  GMB draft,published,delete Workflow " time="364.082" errors="0" timestamp="2022-11-11T10:40:48 IST">
  <testcase classname="com.test.java.classes.LocobuzzSocialSchedulingGMBDraftWorkflowFunctionality" name="SocialScheduling" time="349.043"/>
</testsuite> <!-- Locobuzz Social Scheduling  GMB draft,published,delete Workflow  -->
