<?xml version="1.0" encoding="UTF-8"?>
<!-- Generated by org.testng.reporters.JUnitXMLReporter -->
<testsuite ignored="0" hostname="DESKTOP-V20L4KL" failures="0" tests="1" name="Locobuzz Social Scheduling  GMB Publish later Workflow " time="227.147" errors="0" timestamp="2022-11-11T11:08:42 IST">
  <testcase classname="com.test.java.classes.LocobuzzSocialSchedulingGMBPublishedLaterWorkflowFunctionality" name="SocialScheduling" time="195.266"/>
</testsuite> <!-- Locobuzz Social Scheduling  GMB Publish later Workflow  -->
