<?xml version="1.0" encoding="UTF-8"?>
<!-- Generated by org.testng.reporters.JUnitXMLReporter -->
<testsuite ignored="0" hostname="DESKTOP-V20L4KL" failures="0" tests="1" name="Locobuzz Messaging Window Settings Layout1 Workflow" time="94.251" errors="0" timestamp="2022-07-13T11:09:39 IST">
  <testcase classname="com.test.java.classes.LocobuzzMessagingWindowSettingsLayout1WorkflowFunctionality" name="MessagingWindowSettingsLayout1Flow" time="86.229"/>
</testsuite> <!-- Locobuzz Messaging Window Settings Layout1 Workflow -->
