<?xml version="1.0" encoding="UTF-8"?>
<!-- Generated by org.testng.reporters.JUnitXMLReporter -->
<testsuite ignored="0" hostname="DESKTOP-V20L4KL" failures="0" tests="1" name="Locobuzz Advance Ticket Settings UI Components" time="93.686" errors="0" timestamp="2022-08-08T17:24:54 IST">
  <testcase classname="com.test.java.classes.LocobuzzAdvanceTicketSettingsUIComponentsFunctionality" name="AdvanceTicketSettings" time="75.902"/>
</testsuite> <!-- Locobuzz Advance Ticket Settings UI Components -->
