<?xml version="1.0" encoding="UTF-8"?>
<!-- Generated by org.testng.reporters.JUnitXMLReporter -->
<testsuite ignored="0" hostname="DESKTOP-V20L4KL" failures="0" tests="1" name="Locobuzz Publish Personalization UI Components" time="88.647" errors="0" timestamp="2022-09-26T16:30:28 IST">
  <testcase classname="com.test.java.classes.LocobuzzPublishPersonalizationUIComponentsFunctionality" name="PublishPersonalization" time="70.692"/>
</testsuite> <!-- Locobuzz Publish Personalization UI Components -->
